Arguments: 
  /usr/bin/node /usr/bin/yarn install

PATH: 
  /usr/local/sbin:/usr/local/bin:/usr/sbin:/usr/bin:/sbin:/bin:/usr/games:/usr/local/games:/snap/bin

Yarn version: 
  1.22.0

Node version: 
  12.15.0

Platform: 
  linux x64

Trace: 
  Error: EPERM: operation not permitted, symlink '../../../mime/cli.js' -> '/media/khalid/5438-3416/Udacity Projects/March-Dashboard-master/node_modules/send/node_modules/.bin/mime'

npm manifest: 
  {
    "name": "jsnd3_mars_dashboard",
    "version": "1.0.0",
    "description": "course project",
    "main": "index.js",
    "scripts": {
      "test": "echo \"Error: no test specified\" && exit 1",
      "start": "node src/server/index.js"
    },
    "author": "",
    "license": "ISC",
    "dependencies": {
      "body-parser": "^1.19.0",
      "dotenv": "^8.2.0",
      "express": "^4.17.1",
      "immutable": "^4.0.0-rc.12",
      "node-fetch": "^2.6.0"
    }
  }

yarn manifest: 
  No manifest

Lockfile: 
  No lockfile
